# JRE version: Java(TM) SE Runtime Environment (8.0_144-b01) (build 1.8.0_144-b01)
# Java VM: Java HotSpot(TM) 64-Bit Server VM (25.144-b01 mixed mode windows-amd64 compressed oops)
Heap:
 PSYoungGen      total 90112K, used 13717K [0x00000000eb180000, 0x00000000f2300000, 0x0000000100000000)
  eden space 82944K, 7% used [0x00000000eb180000,0x00000000eb7eced8,0x00000000f0280000)
  from space 7168K, 99% used [0x00000000f0280000,0x00000000f09786e8,0x00000000f0980000)
  to   space 8704K, 0% used [0x00000000f1a80000,0x00000000f1a80000,0x00000000f2300000)
 ParOldGen       total 50688K, used 22616K [0x00000000c1400000, 0x00000000c4580000, 0x00000000eb180000)
  object space 50688K, 44% used [0x00000000c1400000,0x00000000c2a16388,0x00000000c4580000)
 Metaspace       used 45791K, capacity 46928K, committed 47104K, reserved 1089536K
  class space    used 6291K, capacity 6570K, committed 6656K, reserved 1048576K
GC Heap History (10 events):
Event: 43.162 GC heap before
{Heap before GC invocations=17 (full 1):
 PSYoungGen      total 56320K, used 23748K [0x00000000eb180000, 0x00000000f0380000, 0x0000000100000000)
  eden space 49664K, 35% used [0x00000000eb180000,0x00000000ec2ed8d0,0x00000000ee200000)
  from space 6656K, 88% used [0x00000000ee200000,0x00000000ee7c3ad0,0x00000000ee880000)
  to   space 7168K, 0% used [0x00000000efc80000,0x00000000efc80000,0x00000000f0380000)
 ParOldGen       total 30720K, used 12772K [0x00000000c1400000, 0x00000000c3200000, 0x00000000eb180000)
  object space 30720K, 41% used [0x00000000c1400000,0x00000000c20792d8,0x00000000c3200000)
 Metaspace       used 34564K, capacity 35144K, committed 35496K, reserved 1079296K
  class space    used 4714K, capacity 4862K, committed 4864K, reserved 1048576K
Event: 43.183 GC heap after
Heap after GC invocations=17 (full 1):
 PSYoungGen      total 76800K, used 2961K [0x00000000eb180000, 0x00000000f0480000, 0x0000000100000000)
  eden space 69632K, 0% used [0x00000000eb180000,0x00000000eb180000,0x00000000ef580000)
  from space 7168K, 41% used [0x00000000efc80000,0x00000000eff64748,0x00000000f0380000)
  to   space 7168K, 0% used [0x00000000ef580000,0x00000000ef580000,0x00000000efc80000)
 ParOldGen       total 30720K, used 15981K [0x00000000c1400000, 0x00000000c3200000, 0x00000000eb180000)
  object space 30720K, 52% used [0x00000000c1400000,0x00000000c239b468,0x00000000c3200000)
 Metaspace       used 34564K, capacity 35144K, committed 35496K, reserved 1079296K
  class space    used 4714K, capacity 4862K, committed 4864K, reserved 1048576K
}
Event: 43.183 GC heap before
{Heap before GC invocations=18 (full 2):
 PSYoungGen      total 76800K, used 2961K [0x00000000eb180000, 0x00000000f0480000, 0x0000000100000000)
  eden space 69632K, 0% used [0x00000000eb180000,0x00000000eb180000,0x00000000ef580000)
  from space 7168K, 41% used [0x00000000efc80000,0x00000000eff64748,0x00000000f0380000)
  to   space 7168K, 0% used [0x00000000ef580000,0x00000000ef580000,0x00000000efc80000)
 ParOldGen       total 30720K, used 15981K [0x00000000c1400000, 0x00000000c3200000, 0x00000000eb180000)
  object space 30720K, 52% used [0x00000000c1400000,0x00000000c239b468,0x00000000c3200000)
 Metaspace       used 34564K, capacity 35144K, committed 35496K, reserved 1079296K
  class space    used 4714K, capacity 4862K, committed 4864K, reserved 1048576K
Event: 43.385 GC heap after
Heap after GC invocations=18 (full 2):
 PSYoungGen      total 76800K, used 0K [0x00000000eb180000, 0x00000000f0480000, 0x0000000100000000)
  eden space 69632K, 0% used [0x00000000eb180000,0x00000000eb180000,0x00000000ef580000)
  from space 7168K, 0% used [0x00000000efc80000,0x00000000efc80000,0x00000000f0380000)
  to   space 7168K, 0% used [0x00000000ef580000,0x00000000ef580000,0x00000000efc80000)
 ParOldGen       total 50688K, used 18167K [0x00000000c1400000, 0x00000000c4580000, 0x00000000eb180000)
  object space 50688K, 35% used [0x00000000c1400000,0x00000000c25bde10,0x00000000c4580000)
 Metaspace       used 34564K, capacity 35144K, committed 35496K, reserved 1079296K
  class space    used 4714K, capacity 4862K, committed 4864K, reserved 1048576K
}
Event: 47.646 GC heap before
{Heap before GC invocations=19 (full 2):
 PSYoungGen      total 76800K, used 69632K [0x00000000eb180000, 0x00000000f0480000, 0x0000000100000000)
  eden space 69632K, 100% used [0x00000000eb180000,0x00000000ef580000,0x00000000ef580000)
  from space 7168K, 0% used [0x00000000efc80000,0x00000000efc80000,0x00000000f0380000)
  to   space 7168K, 0% used [0x00000000ef580000,0x00000000ef580000,0x00000000efc80000)
 ParOldGen       total 50688K, used 18167K [0x00000000c1400000, 0x00000000c4580000, 0x00000000eb180000)
  object space 50688K, 35% used [0x00000000c1400000,0x00000000c25bde10,0x00000000c4580000)
 Metaspace       used 40565K, capacity 41296K, committed 41728K, reserved 1085440K
  class space    used 5528K, capacity 5795K, committed 5888K, reserved 1048576K
Event: 47.655 GC heap after
Heap after GC invocations=19 (full 2):
 PSYoungGen      total 76800K, used 5506K [0x00000000eb180000, 0x00000000f1180000, 0x0000000100000000)
  eden space 69632K, 0% used [0x00000000eb180000,0x00000000eb180000,0x00000000ef580000)
  from space 7168K, 76% used [0x00000000ef580000,0x00000000efae0960,0x00000000efc80000)
  to   space 7168K, 0% used [0x00000000f0a80000,0x00000000f0a80000,0x00000000f1180000)
 ParOldGen       total 50688K, used 18175K [0x00000000c1400000, 0x00000000c4580000, 0x00000000eb180000)
  object space 50688K, 35% used [0x00000000c1400000,0x00000000c25bfe10,0x00000000c4580000)
 Metaspace       used 40565K, capacity 41296K, committed 41728K, reserved 1085440K
  class space    used 5528K, capacity 5795K, committed 5888K, reserved 1048576K
}
Event: 48.925 GC heap before
{Heap before GC invocations=20 (full 2):
 PSYoungGen      total 76800K, used 75138K [0x00000000eb180000, 0x00000000f1180000, 0x0000000100000000)
  eden space 69632K, 100% used [0x00000000eb180000,0x00000000ef580000,0x00000000ef580000)
  from space 7168K, 76% used [0x00000000ef580000,0x00000000efae0960,0x00000000efc80000)
  to   space 7168K, 0% used [0x00000000f0a80000,0x00000000f0a80000,0x00000000f1180000)
 ParOldGen       total 50688K, used 18175K [0x00000000c1400000, 0x00000000c4580000, 0x00000000eb180000)
  object space 50688K, 35% used [0x00000000c1400000,0x00000000c25bfe10,0x00000000c4580000)
 Metaspace       used 42012K, capacity 42738K, committed 43136K, reserved 1087488K
  class space    used 5695K, capacity 5936K, committed 6016K, reserved 1048576K
Event: 48.933 GC heap after
Heap after GC invocations=20 (full 2):
 PSYoungGen      total 89088K, used 3931K [0x00000000eb180000, 0x00000000f1080000, 0x0000000100000000)
  eden space 82944K, 0% used [0x00000000eb180000,0x00000000eb180000,0x00000000f0280000)
  from space 6144K, 63% used [0x00000000f0a80000,0x00000000f0e56c00,0x00000000f1080000)
  to   space 7168K, 0% used [0x00000000f0280000,0x00000000f0280000,0x00000000f0980000)
 ParOldGen       total 50688K, used 20832K [0x00000000c1400000, 0x00000000c4580000, 0x00000000eb180000)
  object space 50688K, 41% used [0x00000000c1400000,0x00000000c2858028,0x00000000c4580000)
 Metaspace       used 42012K, capacity 42738K, committed 43136K, reserved 1087488K
  class space    used 5695K, capacity 5936K, committed 6016K, reserved 1048576K
}
Event: 51.122 GC heap before
{Heap before GC invocations=21 (full 2):
 PSYoungGen      total 89088K, used 86875K [0x00000000eb180000, 0x00000000f1080000, 0x0000000100000000)
  eden space 82944K, 100% used [0x00000000eb180000,0x00000000f0280000,0x00000000f0280000)
  from space 6144K, 63% used [0x00000000f0a80000,0x00000000f0e56c00,0x00000000f1080000)
  to   space 7168K, 0% used [0x00000000f0280000,0x00000000f0280000,0x00000000f0980000)
 ParOldGen       total 50688K, used 20832K [0x00000000c1400000, 0x00000000c4580000, 0x00000000eb180000)
  object space 50688K, 41% used [0x00000000c1400000,0x00000000c2858028,0x00000000c4580000)
 Metaspace       used 45625K, capacity 46794K, committed 47104K, reserved 1089536K
  class space    used 6267K, capacity 6568K, committed 6656K, reserved 1048576K
Event: 51.149 GC heap after
Heap after GC invocations=21 (full 2):
 PSYoungGen      total 90112K, used 7137K [0x00000000eb180000, 0x00000000f2300000, 0x0000000100000000)
  eden space 82944K, 0% used [0x00000000eb180000,0x00000000eb180000,0x00000000f0280000)
  from space 7168K, 99% used [0x00000000f0280000,0x00000000f09786e8,0x00000000f0980000)
  to   space 8704K, 0% used [0x00000000f1a80000,0x00000000f1a80000,0x00000000f2300000)
 ParOldGen       total 50688K, used 22616K [0x00000000c1400000, 0x00000000c4580000, 0x00000000eb180000)
  object space 50688K, 44% used [0x00000000c1400000,0x00000000c2a16388,0x00000000c4580000)
 Metaspace       used 45625K, capacity 46794K, committed 47104K, reserved 1089536K
  class space    used 6267K, capacity 6568K, committed 6656K, reserved 1048576K
}

